<?xml version="1.0" encoding="UTF-8"?>
<!-- Generated by org.testng.reporters.JUnitReportReporter -->
<testsuite hostname="chandan" failures="0" tests="1" name="Tests.extent_reports_Console" time="1.173" errors="0" timestamp="17 Sep 2022 16:57:45 GMT" skipped="0">
  <testcase classname="Tests.extent_reports_Console" name="et_test1" time="1.173"/>
</testsuite> <!-- Tests.extent_reports_Console -->
