<?xml version="1.0" encoding="UTF-8"?>
<!-- Generated by org.testng.reporters.JUnitReportReporter -->
<testsuite hostname="chandan" failures="0" tests="2" name="Test_Script.Parallell" time="28.967" errors="0" timestamp="18 Sep 2022 04:49:26 GMT" skipped="0">
  <testcase classname="Test_Script.Parallell" name="execution1" time="17.341"/>
  <testcase classname="Test_Script.Parallell" name="execution1" time="11.626"/>
</testsuite> <!-- Test_Script.Parallell -->
